{"C:\\Worktest\\src\\Api.js": {"path":"C:\\Worktest\\src\\Api.js","statementMap":{"0":{"start":{"line":1,"column":16},"end":{"line":1,"column":48}},"1":{"start":{"line":4,"column":22},"end":{"line":4,"column":53}},"2":{"start":{"line":5,"column":15},"end":{"line":7,"column":22}},"3":{"start":{"line":9,"column":2},"end":{"line":11,"column":3}},"4":{"start":{"line":10,"column":4},"end":{"line":10,"column":48}},"5":{"start":{"line":12,"column":2},"end":{"line":12,"column":14}},"6":{"start":{"line":16,"column":14},"end":{"line":20,"column":4}},"7":{"start":{"line":21,"column":2},"end":{"line":21,"column":29}},"8":{"start":{"line":25,"column":14},"end":{"line":28,"column":4}},"9":{"start":{"line":29,"column":2},"end":{"line":29,"column":29}},"10":{"start":{"line":33,"column":14},"end":{"line":36,"column":4}},"11":{"start":{"line":37,"column":2},"end":{"line":37,"column":29}}},"fnMap":{"0":{"name":"handleResponse","decl":{"start":{"line":3,"column":15},"end":{"line":3,"column":29}},"loc":{"start":{"line":3,"column":35},"end":{"line":13,"column":1}},"line":3},"1":{"name":"addWord","decl":{"start":{"line":15,"column":22},"end":{"line":15,"column":29}},"loc":{"start":{"line":15,"column":36},"end":{"line":22,"column":1}},"line":15},"2":{"name":"drawWord","decl":{"start":{"line":24,"column":22},"end":{"line":24,"column":30}},"loc":{"start":{"line":24,"column":33},"end":{"line":30,"column":1}},"line":24},"3":{"name":"previewWord","decl":{"start":{"line":32,"column":22},"end":{"line":32,"column":33}},"loc":{"start":{"line":32,"column":36},"end":{"line":38,"column":1}},"line":32}},"branchMap":{"0":{"loc":{"start":{"line":5,"column":15},"end":{"line":7,"column":22}},"type":"cond-expr","locations":[{"start":{"line":6,"column":6},"end":{"line":6,"column":22}},{"start":{"line":7,"column":6},"end":{"line":7,"column":22}}],"line":5},"1":{"loc":{"start":{"line":5,"column":15},"end":{"line":5,"column":70}},"type":"binary-expr","locations":[{"start":{"line":5,"column":15},"end":{"line":5,"column":26}},{"start":{"line":5,"column":30},"end":{"line":5,"column":70}}],"line":5},"2":{"loc":{"start":{"line":9,"column":2},"end":{"line":11,"column":3}},"type":"if","locations":[{"start":{"line":9,"column":2},"end":{"line":11,"column":3}},{"start":{},"end":{}}],"line":9}},"s":{"0":0,"1":0,"2":0,"3":0,"4":0,"5":0,"6":0,"7":0,"8":0,"9":0,"10":0,"11":0},"f":{"0":0,"1":0,"2":0,"3":0},"b":{"0":[0,0],"1":[0,0],"2":[0,0]}}
,"C:\\Worktest\\src\\App.js": {"path":"C:\\Worktest\\src\\App.js","statementMap":{"0":{"start":{"line":8,"column":2},"end":{"line":17,"column":4}}},"fnMap":{"0":{"name":"App","decl":{"start":{"line":7,"column":24},"end":{"line":7,"column":27}},"loc":{"start":{"line":7,"column":30},"end":{"line":18,"column":1}},"line":7}},"branchMap":{},"s":{"0":0},"f":{"0":0},"b":{}}
,"C:\\Worktest\\src\\index.js": {"path":"C:\\Worktest\\src\\index.js","statementMap":{"0":{"start":{"line":5,"column":13},"end":{"line":5,"column":65}},"1":{"start":{"line":6,"column":0},"end":{"line":10,"column":2}}},"fnMap":{},"branchMap":{},"s":{"0":0,"1":0},"f":{},"b":{}}
,"C:\\Worktest\\src\\components\\AddWordForm.js": {"path":"C:\\Worktest\\src\\components\\AddWordForm.js","statementMap":{"0":{"start":{"line":7,"column":18},"end":{"line":9,"column":2}},"1":{"start":{"line":12,"column":18},"end":{"line":12,"column":29}},"2":{"start":{"line":13,"column":26},"end":{"line":13,"column":38}},"3":{"start":{"line":14,"column":30},"end":{"line":14,"column":65}},"4":{"start":{"line":15,"column":32},"end":{"line":15,"column":47}},"5":{"start":{"line":18,"column":4},"end":{"line":18,"column":23}},"6":{"start":{"line":19,"column":4},"end":{"line":19,"column":41}},"7":{"start":{"line":20,"column":4},"end":{"line":20,"column":21}},"8":{"start":{"line":21,"column":4},"end":{"line":36,"column":5}},"9":{"start":{"line":22,"column":6},"end":{"line":22,"column":26}},"10":{"start":{"line":23,"column":6},"end":{"line":23,"column":65}},"11":{"start":{"line":24,"column":6},"end":{"line":24,"column":18}},"12":{"start":{"line":26,"column":16},"end":{"line":26,"column":36}},"13":{"start":{"line":27,"column":6},"end":{"line":27,"column":23}},"14":{"start":{"line":28,"column":6},"end":{"line":28,"column":53}},"15":{"start":{"line":28,"column":30},"end":{"line":28,"column":53}},"16":{"start":{"line":29,"column":6},"end":{"line":29,"column":52}},"17":{"start":{"line":29,"column":30},"end":{"line":29,"column":52}},"18":{"start":{"line":30,"column":6},"end":{"line":30,"column":59}},"19":{"start":{"line":30,"column":30},"end":{"line":30,"column":59}},"20":{"start":{"line":31,"column":6},"end":{"line":31,"column":54}},"21":{"start":{"line":31,"column":30},"end":{"line":31,"column":54}},"22":{"start":{"line":33,"column":6},"end":{"line":33,"column":49}},"23":{"start":{"line":35,"column":6},"end":{"line":35,"column":24}},"24":{"start":{"line":39,"column":2},"end":{"line":59,"column":4}},"25":{"start":{"line":46,"column":25},"end":{"line":46,"column":48}}},"fnMap":{"0":{"name":"AddWordForm","decl":{"start":{"line":11,"column":24},"end":{"line":11,"column":35}},"loc":{"start":{"line":11,"column":38},"end":{"line":60,"column":1}},"line":11},"1":{"name":"handleSubmit","decl":{"start":{"line":17,"column":17},"end":{"line":17,"column":29}},"loc":{"start":{"line":17,"column":33},"end":{"line":37,"column":3}},"line":17},"2":{"name":"(anonymous_2)","decl":{"start":{"line":46,"column":18},"end":{"line":46,"column":19}},"loc":{"start":{"line":46,"column":25},"end":{"line":46,"column":48}},"line":46}},"branchMap":{"0":{"loc":{"start":{"line":28,"column":6},"end":{"line":28,"column":53}},"type":"if","locations":[{"start":{"line":28,"column":6},"end":{"line":28,"column":53}},{"start":{},"end":{}}],"line":28},"1":{"loc":{"start":{"line":29,"column":6},"end":{"line":29,"column":52}},"type":"if","locations":[{"start":{"line":29,"column":6},"end":{"line":29,"column":52}},{"start":{},"end":{}}],"line":29},"2":{"loc":{"start":{"line":30,"column":6},"end":{"line":30,"column":59}},"type":"if","locations":[{"start":{"line":30,"column":6},"end":{"line":30,"column":59}},{"start":{},"end":{}}],"line":30},"3":{"loc":{"start":{"line":31,"column":6},"end":{"line":31,"column":54}},"type":"if","locations":[{"start":{"line":31,"column":6},"end":{"line":31,"column":54}},{"start":{},"end":{}}],"line":31},"4":{"loc":{"start":{"line":53,"column":18},"end":{"line":53,"column":41}},"type":"binary-expr","locations":[{"start":{"line":53,"column":18},"end":{"line":53,"column":25}},{"start":{"line":53,"column":29},"end":{"line":53,"column":41}}],"line":53}},"s":{"0":0,"1":0,"2":0,"3":0,"4":0,"5":0,"6":0,"7":0,"8":0,"9":0,"10":0,"11":0,"12":0,"13":0,"14":0,"15":0,"16":0,"17":0,"18":0,"19":0,"20":0,"21":0,"22":0,"23":0,"24":0,"25":0},"f":{"0":0,"1":0,"2":0},"b":{"0":[0,0],"1":[0,0],"2":[0,0],"3":[0,0],"4":[0,0]}}
,"C:\\Worktest\\src\\components\\DrawWord.js": {"path":"C:\\Worktest\\src\\components\\DrawWord.js","statementMap":{"0":{"start":{"line":7,"column":30},"end":{"line":7,"column":65}},"1":{"start":{"line":8,"column":32},"end":{"line":8,"column":47}},"2":{"start":{"line":11,"column":4},"end":{"line":11,"column":21}},"3":{"start":{"line":12,"column":4},"end":{"line":12,"column":41}},"4":{"start":{"line":13,"column":4},"end":{"line":22,"column":5}},"5":{"start":{"line":14,"column":19},"end":{"line":14,"column":35}},"6":{"start":{"line":15,"column":6},"end":{"line":15,"column":65}},"7":{"start":{"line":17,"column":16},"end":{"line":17,"column":37}},"8":{"start":{"line":18,"column":6},"end":{"line":18,"column":53}},"9":{"start":{"line":18,"column":30},"end":{"line":18,"column":53}},"10":{"start":{"line":19,"column":6},"end":{"line":19,"column":49}},"11":{"start":{"line":21,"column":6},"end":{"line":21,"column":24}},"12":{"start":{"line":25,"column":2},"end":{"line":32,"column":4}}},"fnMap":{"0":{"name":"DrawWord","decl":{"start":{"line":6,"column":24},"end":{"line":6,"column":32}},"loc":{"start":{"line":6,"column":35},"end":{"line":33,"column":1}},"line":6},"1":{"name":"handleDraw","decl":{"start":{"line":10,"column":17},"end":{"line":10,"column":27}},"loc":{"start":{"line":10,"column":30},"end":{"line":23,"column":3}},"line":10}},"branchMap":{"0":{"loc":{"start":{"line":18,"column":6},"end":{"line":18,"column":53}},"type":"if","locations":[{"start":{"line":18,"column":6},"end":{"line":18,"column":53}},{"start":{},"end":{}}],"line":18}},"s":{"0":0,"1":0,"2":0,"3":0,"4":0,"5":0,"6":0,"7":0,"8":0,"9":0,"10":0,"11":0,"12":0},"f":{"0":0,"1":0},"b":{"0":[0,0]}}
,"C:\\Worktest\\src\\components\\PreviewWord.js": {"path":"C:\\Worktest\\src\\components\\PreviewWord.js","statementMap":{"0":{"start":{"line":7,"column":30},"end":{"line":7,"column":65}},"1":{"start":{"line":8,"column":32},"end":{"line":8,"column":47}},"2":{"start":{"line":11,"column":4},"end":{"line":11,"column":21}},"3":{"start":{"line":12,"column":4},"end":{"line":12,"column":41}},"4":{"start":{"line":13,"column":4},"end":{"line":22,"column":5}},"5":{"start":{"line":14,"column":19},"end":{"line":14,"column":38}},"6":{"start":{"line":15,"column":6},"end":{"line":15,"column":68}},"7":{"start":{"line":17,"column":16},"end":{"line":17,"column":40}},"8":{"start":{"line":18,"column":6},"end":{"line":18,"column":53}},"9":{"start":{"line":18,"column":30},"end":{"line":18,"column":53}},"10":{"start":{"line":19,"column":6},"end":{"line":19,"column":49}},"11":{"start":{"line":21,"column":6},"end":{"line":21,"column":24}},"12":{"start":{"line":25,"column":2},"end":{"line":32,"column":4}}},"fnMap":{"0":{"name":"PreviewWord","decl":{"start":{"line":6,"column":24},"end":{"line":6,"column":35}},"loc":{"start":{"line":6,"column":38},"end":{"line":33,"column":1}},"line":6},"1":{"name":"handlePreview","decl":{"start":{"line":10,"column":17},"end":{"line":10,"column":30}},"loc":{"start":{"line":10,"column":33},"end":{"line":23,"column":3}},"line":10}},"branchMap":{"0":{"loc":{"start":{"line":18,"column":6},"end":{"line":18,"column":53}},"type":"if","locations":[{"start":{"line":18,"column":6},"end":{"line":18,"column":53}},{"start":{},"end":{}}],"line":18}},"s":{"0":0,"1":0,"2":0,"3":0,"4":0,"5":0,"6":0,"7":0,"8":0,"9":0,"10":0,"11":0,"12":0},"f":{"0":0,"1":0},"b":{"0":[0,0]}}
,"C:\\Worktest\\src\\components\\StatusMessage.js": {"path":"C:\\Worktest\\src\\components\\StatusMessage.js","statementMap":{"0":{"start":{"line":4,"column":2},"end":{"line":4,"column":28}},"1":{"start":{"line":4,"column":16},"end":{"line":4,"column":28}},"2":{"start":{"line":5,"column":2},"end":{"line":16,"column":4}}},"fnMap":{"0":{"name":"StatusMessage","decl":{"start":{"line":3,"column":24},"end":{"line":3,"column":37}},"loc":{"start":{"line":3,"column":57},"end":{"line":17,"column":1}},"line":3}},"branchMap":{"0":{"loc":{"start":{"line":4,"column":2},"end":{"line":4,"column":28}},"type":"if","locations":[{"start":{"line":4,"column":2},"end":{"line":4,"column":28}},{"start":{},"end":{}}],"line":4},"1":{"loc":{"start":{"line":10,"column":15},"end":{"line":10,"column":49}},"type":"cond-expr","locations":[{"start":{"line":10,"column":34},"end":{"line":10,"column":39}},{"start":{"line":10,"column":42},"end":{"line":10,"column":49}}],"line":10}},"s":{"0":0,"1":0,"2":0},"f":{"0":0},"b":{"0":[0,0],"1":[0,0]}}
}
