TN:
SF:src\Api.js
FN:3,handleResponse
FN:15,addWord
FN:24,drawWord
FN:32,previewWord
FNF:4
FNH:0
FNDA:0,handleResponse
FNDA:0,addWord
FNDA:0,drawWord
FNDA:0,previewWord
DA:1,0
DA:4,0
DA:5,0
DA:9,0
DA:10,0
DA:12,0
DA:16,0
DA:21,0
DA:25,0
DA:29,0
DA:33,0
DA:37,0
LF:12
LH:0
BRDA:5,0,0,0
BRDA:5,0,1,0
BRDA:5,1,0,0
BRDA:5,1,1,0
BRDA:9,2,0,0
BRDA:9,2,1,0
BRF:6
BRH:0
end_of_record
TN:
SF:src\App.js
FN:7,App
FNF:1
FNH:0
FNDA:0,App
DA:8,0
LF:1
LH:0
BRF:0
BRH:0
end_of_record
TN:
SF:src\index.js
FNF:0
FNH:0
DA:5,0
DA:6,0
LF:2
LH:0
BRF:0
BRH:0
end_of_record
TN:
SF:src\components\AddWordForm.js
FN:11,AddWordForm
FN:17,handleSubmit
FN:46,(anonymous_2)
FNF:3
FNH:0
FNDA:0,AddWordForm
FNDA:0,handleSubmit
FNDA:0,(anonymous_2)
DA:7,0
DA:12,0
DA:13,0
DA:14,0
DA:15,0
DA:18,0
DA:19,0
DA:20,0
DA:21,0
DA:22,0
DA:23,0
DA:24,0
DA:26,0
DA:27,0
DA:28,0
DA:29,0
DA:30,0
DA:31,0
DA:33,0
DA:35,0
DA:39,0
DA:46,0
LF:22
LH:0
BRDA:28,0,0,0
BRDA:28,0,1,0
BRDA:29,1,0,0
BRDA:29,1,1,0
BRDA:30,2,0,0
BRDA:30,2,1,0
BRDA:31,3,0,0
BRDA:31,3,1,0
BRDA:53,4,0,0
BRDA:53,4,1,0
BRF:10
BRH:0
end_of_record
TN:
SF:src\components\DrawWord.js
FN:6,DrawWord
FN:10,handleDraw
FNF:2
FNH:0
FNDA:0,DrawWord
FNDA:0,handleDraw
DA:7,0
DA:8,0
DA:11,0
DA:12,0
DA:13,0
DA:14,0
DA:15,0
DA:17,0
DA:18,0
DA:19,0
DA:21,0
DA:25,0
LF:12
LH:0
BRDA:18,0,0,0
BRDA:18,0,1,0
BRF:2
BRH:0
end_of_record
TN:
SF:src\components\PreviewWord.js
FN:6,PreviewWord
FN:10,handlePreview
FNF:2
FNH:0
FNDA:0,PreviewWord
FNDA:0,handlePreview
DA:7,0
DA:8,0
DA:11,0
DA:12,0
DA:13,0
DA:14,0
DA:15,0
DA:17,0
DA:18,0
DA:19,0
DA:21,0
DA:25,0
LF:12
LH:0
BRDA:18,0,0,0
BRDA:18,0,1,0
BRF:2
BRH:0
end_of_record
TN:
SF:src\components\StatusMessage.js
FN:3,StatusMessage
FNF:1
FNH:0
FNDA:0,StatusMessage
DA:4,0
DA:5,0
LF:2
LH:0
BRDA:4,0,0,0
BRDA:4,0,1,0
BRDA:10,1,0,0
BRDA:10,1,1,0
BRF:4
BRH:0
end_of_record
